<?xml version="1.0" encoding="UTF-8"?>
<!-- Generated by org.testng.reporters.JUnitReportReporter -->
<testsuite hostname="DESKTOP-7MR92CS" name="soni.TestScenario.TestNGClass2" tests="5" failures="0" timestamp="28 Oct 2018 06:28:48 GMT" time="0.026" errors="0">
  <testcase name="z" time="0.012" classname="soni.TestScenario.TestNGClass2"/>
  <testcase name="y" time="0.004" classname="soni.TestScenario.TestNGClass2"/>
  <testcase name="l" time="0.003" classname="soni.TestScenario.TestNGClass2"/>
  <testcase name="v" time="0.005" classname="soni.TestScenario.TestNGClass2"/>
  <testcase name="x" time="0.002" classname="soni.TestScenario.TestNGClass2"/>
</testsuite> <!-- soni.TestScenario.TestNGClass2 -->
