<?xml version="1.0" encoding="UTF-8"?>
<!-- Generated by org.testng.reporters.JUnitReportReporter -->
<testsuite hostname="DESKTOP-7MR92CS" name="soni.TestScenario.TestNGWebsite" tests="1" failures="0" timestamp="28 Oct 2018 07:37:26 GMT" time="67.518" errors="0">
  <testcase name="MoveElementPractice" time="67.518" classname="soni.TestScenario.TestNGWebsite"/>
</testsuite> <!-- soni.TestScenario.TestNGWebsite -->
